2018-04-28 12:37:27,479       INFO Launcher.Fill
	Src=	D:/work/git/yao/python/Utils_Python_Anything2PPTX/resource/sliders.pdf
	Dest	=D:/work/git/yao/python/Utils_Python_Anything2PPTX/resource
	Dpi	=96
	Ext	=jpeg
	Open	=True
	Template	=../bin/csharp/Template/template.pptx
2018-04-28 12:37:27,482       INFO PDF2PPTX
2018-04-28 12:37:27,491       INFO PDF2PPTX
2018-04-28 12:37:27,492       INFO PDF2IMAGES
2018-04-28 12:37:27,544      ERROR STDERR: b'Error: Unable to access jarfile ../bin/java/PDFBox.jar\r\n'
2018-04-28 13:53:22,627       INFO Launcher.Fill
	Src=	D:/work/git/yao/python/Utils_Python_Anything2PPTX/resource/sliders.pdf
	Dest	=
	Dpi	=96
	Ext	=jpeg
	Open	=True
	Template	=../bin/csharp/Template/template.pptx
2018-04-28 13:53:22,628       INFO PDF2PPTX
2018-04-28 13:53:22,637       INFO PDF2PPTX
2018-04-28 13:53:22,638       INFO PDF2IMAGES
2018-04-28 13:53:22,638      DEBUG Pre Config.src=D:/work/git/yao/python/Utils_Python_Anything2PPTX/resource/sliders.pdf
2018-04-28 13:53:22,663      ERROR STDERR: b'Error: Unable to access jarfile ../bin/java/PDFBox.jar\r\n'
2018-04-28 13:54:08,863       INFO Launcher.Fill
	Src=	D:/work/git/yao/python/Utils_Python_Anything2PPTX/resource/sliders.pdf
	Dest	=
	Dpi	=96
	Ext	=jpeg
	Open	=True
	Template	=../bin/csharp/Template/template.pptx
2018-04-28 13:54:08,865       INFO PDF2PPTX
2018-04-28 13:54:08,875       INFO PDF2PPTX
2018-04-28 13:54:08,875       INFO PDF2IMAGES
2018-04-28 13:54:08,875      DEBUG Pre Config.src=D:/work/git/yao/python/Utils_Python_Anything2PPTX/resource/sliders.pdf
2018-04-28 13:54:08,904      ERROR STDERR: b'Error: Unable to access jarfile ../bin/java/PDFBox.jar\r\n'
